C51 COMPILER V9.52.0.0   LIB_PROJET_T_INT_EXT                                              02/28/2017 09:56:15 PAGE 1   


C51 COMPILER V9.52.0.0, COMPILATION OF MODULE LIB_PROJET_T_INT_EXT
OBJECT MODULE PLACED IN LIB_PROJET_T_INT_Ext.OBJ
COMPILER INVOKED BY: D:\Programmes\Keil\C51\BIN\C51.EXE LIB_PROJET_T_INT_Ext.c BROWSE DEBUG OBJECTEXTEND TABS(2)

line level    source

   1          /*---------------------------------------------------------------------------
   2          ;
   3          ;
   4          ;
   5          ;
   6          ;   FILE NAME   : LIB_BSE_INT_Ext
   7          ;   TARGET MCUs : C8051F020, 
   8          ;   DESCRIPTION : Fonctions Bas niveau pour le TP EMBARQUE
   9          ;
  10          ;   REVISION 1.0
  11          ;
  12          ;---------------------------------------------------------------------------*/
  13          //-------------------------------------------------------------------------
  14          // Includes
  15          //------------------------------------------------------------------------------------
  16          #include <c8051f020.h>                    // SFR declarations
  17          #include "LIB_PROJET_T_INT_Ext.h"  
  18          //------------------------------------------------------------------------------
  19          
  20          
  21          //*****************************************************************************  
  22          //CFG_INT_Ext
  23          //
  24          //   Cette fonction a pour but de regrouper les fonctions de configurations des interruptions externes.
  25          // 
  26          //*****************************************************************************
  27          
  28          void CFG_INT_Ext(void)
  29          {
  30   1        Disable_interrupt();
  31   1        Config_INT1();
  32   1        Enable_interrupt();
  33   1      }
  34          
  35          void Config_INT1(void)
  36          {
  37   1        IE1=0;//effacement du flag
  38   1        EX1=1;//Enable external interrupt on /INT1 pin
  39   1        XBR1|=0x10;
  40   1        IT1=1;//interruption edge
  41   1      }
  42          
  43          
  44          void Enable_interrupt(void)
  45          {
  46   1        EA=1;
  47   1      }
  48          void Disable_interrupt(void)
  49          {
  50   1        EA=0;
  51   1      }
  52          /*
  53          void CLEAR_TF2(void)
  54          {
  55            TF2=0;//Delete flag
C51 COMPILER V9.52.0.0   LIB_PROJET_T_INT_EXT                                              02/28/2017 09:56:15 PAGE 2   

  56          }
  57          void CLEAR_IE1(void)
  58          {
  59            IE1=0;//Delete flag
  60          }*/


MODULE INFORMATION:   STATIC OVERLAYABLE
   CODE SIZE        =     25    ----
   CONSTANT SIZE    =   ----    ----
   XDATA SIZE       =   ----    ----
   PDATA SIZE       =   ----    ----
   DATA SIZE        =   ----    ----
   IDATA SIZE       =   ----    ----
   BIT SIZE         =   ----    ----
END OF MODULE INFORMATION.


C51 COMPILATION COMPLETE.  0 WARNING(S),  0 ERROR(S)
