C51 COMPILER V9.52.0.0   LIB_PROJET_T_DAC                                                  02/28/2017 09:56:15 PAGE 1   


C51 COMPILER V9.52.0.0, COMPILATION OF MODULE LIB_PROJET_T_DAC
OBJECT MODULE PLACED IN LIB_PROJET_T_DAC.OBJ
COMPILER INVOKED BY: D:\Programmes\Keil\C51\BIN\C51.EXE LIB_PROJET_T_DAC.C BROWSE DEBUG OBJECTEXTEND TABS(2)

line level    source

   1          /*---------------------------------------------------------------------------
   2          ;
   3          ;
   4          ;
   5          ;
   6          ;   FILE NAME   : LIB_BSE_DAC
   7          ;   TARGET MCUs : C8051F020, 
   8          ;   DESCRIPTION : Fonctions Bas niveau pour le TP EMBARQUE
   9          ;
  10          ;   REVISION 1.0
  11          ;
  12          ;---------------------------------------------------------------------------*/
  13          //-------------------------------------------------------------------------
  14          // Includes
  15          //------------------------------------------------------------------------------------
  16          #include "LIB_PROJET_T_DAC.h"  
  17          #include <c8051f020.h>                    // SFR declarations
  18          #include <intrins.h>
  19          
  20          //#include <Ports_Declarations_TP_Emb.h> 
  21          //------------------------------------------------------------------------------
  22          
  23          
  24          //*****************************************************************************
  25          //FONCTIONS de MANIPULATION DU DAC0 - 
  26          // Peut être utilisé pour tester le Fct de l'ADC
  27          //*****************************************************************************
  28          
  29          //*****************************************************************************  
  30          //Cfg_DAC0
  31          //
  32          //   La conversion est déclenchée par écriture dans DAC0H (Fonction Send_to_DAC0)
  33          // 
  34          //*****************************************************************************
  35          void CFG_DAC0(void)
  36          {
  37   1        DAC0CN = 0;   // Stop DAC
  38   1               // Update on Write to DAC0H
  39   1        DAC0CN  |= 0x04;   // 8 bits MSB dans DAC0H
  40   1        DAC0L = 0;       // Init 4 bits LSB à 0
  41   1        DAC0CN  |= 0x80;   // DAC démarré
  42   1        DAC0H = 0;       // Initialisation Sortie DAC = 0;
  43   1        
  44   1      }
  45          
  46          //*****************************************************************************  
  47          //Send_to_DAC0
  48          //    Utilisation du DAC en mode 8bits (les 8 bits de Pds Fort)
  49          //
  50          // 
  51          //*****************************************************************************
  52          //void Send_to_DAC0(unsigned char Output_DAC)
  53          //{
  54          //   DAC0H = Output_DAC;  
  55          //  
C51 COMPILER V9.52.0.0   LIB_PROJET_T_DAC                                                  02/28/2017 09:56:15 PAGE 2   

  56          //}


MODULE INFORMATION:   STATIC OVERLAYABLE
   CODE SIZE        =     14    ----
   CONSTANT SIZE    =   ----    ----
   XDATA SIZE       =   ----    ----
   PDATA SIZE       =   ----    ----
   DATA SIZE        =   ----    ----
   IDATA SIZE       =   ----    ----
   BIT SIZE         =   ----    ----
END OF MODULE INFORMATION.


C51 COMPILATION COMPLETE.  0 WARNING(S),  0 ERROR(S)
